<?xml version="1.0" encoding="UTF-8"?>

<beans xmlns="http://www.springframework.org/schema/beans"
       xmlns:context="http://www.springframework.org/schema/context"
       xmlns:xsi="http://www.w3.org/2001/XMLSchema-instance"
       xsi:schemaLocation="http://www.springframework.org/schema/beans
                           http://www.springframework.org/schema/beans/spring-beans.xsd
                           http://www.springframework.org/schema/context
                           http://www.springframework.org/schema/context/spring-context.xsd"
       default-lazy-init="true">

    <import resource="classpath:META-INF/spring/beans/test-persistence-beans.xml"/>
    <import resource="classpath:META-INF/spring/beans/test-transaction-beans.xml"/>

    <!-- Tell Spring that we are using JSR-330 annotations to denote Beans and where to look for them -->
    <context:component-scan scope-resolver="org.springframework.context.annotation.Jsr330ScopeMetadataResolver"
                            base-package="org.codegas.shoppinglists"/>
    <context:annotation-config/>
</beans>