<?xml version="1.0" encoding="UTF-8"?>

<beans xmlns="http://www.springframework.org/schema/beans"
       xmlns:xsi="http://www.w3.org/2001/XMLSchema-instance"
       xsi:schemaLocation="http://www.springframework.org/schema/beans
                           http://www.springframework.org/schema/beans/spring-beans.xsd"
       default-lazy-init="true">

    <bean class="org.springframework.beans.factory.config.PropertyPlaceholderConfigurer">
        <property name="location" value="classpath:properties/test.properties"/>
    </bean>

    <import resource="classpath:META-INF/spring/beans/persistence-beans.xml"/>
    <import resource="classpath:META-INF/spring/beans/client-beans.xml"/>
    <import resource="classpath:META-INF/spring/beans/application-beans.xml"/>

    <!-- Specify H2 as our datasource (for tests ONLY) -->
    <bean id="dataSource" class="org.springframework.jdbc.datasource.DriverManagerDataSource">
        <property name="driverClassName" value="org.h2.Driver"/>
        <property name="url" value="jdbc:h2:./tmp/db/testdb;AUTO_SERVER=TRUE"/>
        <property name="username" value="sa"/>
        <property name="password" value=""/>
    </bean>

    <!-- An IntegrationTestEntityManager to use with Integration Tests -->
    <bean id="testEntityManager" class="com.wisegas.common.test.entity.IntegrationTestEntityManager">
        <constructor-arg>
            <bean class="org.springframework.orm.jpa.support.SharedEntityManagerBean">
                <property name="entityManagerFactory" ref="entityManagerFactory"/>
            </bean>
        </constructor-arg>
        <constructor-arg ref="platformTransactionManager"/>
    </bean>
</beans>